<?xml version="1.0" encoding="UTF-8"?>
<!-- Generated by org.testng.reporters.JUnitXMLReporter -->
<testsuite ignored="0" hostname="DESKTOP-4VB3LJR" failures="0" tests="6" name="Default test" time="5.738" errors="0" timestamp="30 Apr 2023 21:32:09 GMT">
  <testcase classname="test.DDTests" name="testPostUser" time="1.958"/>
  <testcase classname="test.DDTests" name="testPostUser" time="0.534"/>
  <testcase classname="test.DDTests" name="testPostUser" time="0.557"/>
  <testcase classname="test.DDTests" name="testDeleteUserByName" time="0.56"/>
  <testcase classname="test.DDTests" name="testDeleteUserByName" time="0.547"/>
  <testcase classname="test.DDTests" name="testDeleteUserByName" time="0.549"/>
</testsuite> <!-- Default test -->
