<?xml version="1.0" encoding="UTF-8"?>
<testng-results skipped="0" failed="0" ignored="0" total="4" passed="4">
  <reporter-output>
  </reporter-output>
  <suite name="PetSuite" duration-ms="7216" started-at="2023-05-03T09:24:30Z" finished-at="2023-05-03T09:24:37Z">
    <groups>
    </groups>
    <test name="PetTests" duration-ms="7216" started-at="2023-05-03T09:24:30Z" finished-at="2023-05-03T09:24:37Z">
      <class name="test.UserTests2">
        <test-method status="PASS" signature="SetupData()[pri:0, instance:test.UserTests2@2890c451]" name="SetupData" is-config="true" duration-ms="923" started-at="2023-05-03T09:24:30Z" finished-at="2023-05-03T09:24:31Z">
          <reporter-output>
          </reporter-output>
        </test-method> <!-- SetupData -->
        <test-method status="PASS" signature="testPostUser()[pri:1, instance:test.UserTests2@2890c451]" name="testPostUser" duration-ms="2916" started-at="2023-05-03T09:24:31Z" finished-at="2023-05-03T09:24:34Z">
          <reporter-output>
          </reporter-output>
        </test-method> <!-- testPostUser -->
        <test-method status="PASS" signature="testGetUserByName()[pri:2, instance:test.UserTests2@2890c451]" name="testGetUserByName" duration-ms="725" started-at="2023-05-03T09:24:34Z" finished-at="2023-05-03T09:24:35Z">
          <reporter-output>
          </reporter-output>
        </test-method> <!-- testGetUserByName -->
        <test-method status="PASS" signature="testUpdateUserByName()[pri:3, instance:test.UserTests2@2890c451]" name="testUpdateUserByName" duration-ms="1661" started-at="2023-05-03T09:24:35Z" finished-at="2023-05-03T09:24:36Z">
          <reporter-output>
          </reporter-output>
        </test-method> <!-- testUpdateUserByName -->
        <test-method status="PASS" signature="testDeleteUserByName()[pri:4, instance:test.UserTests2@2890c451]" name="testDeleteUserByName" duration-ms="660" started-at="2023-05-03T09:24:36Z" finished-at="2023-05-03T09:24:37Z">
          <reporter-output>
          </reporter-output>
        </test-method> <!-- testDeleteUserByName -->
      </class> <!-- test.UserTests2 -->
    </test> <!-- PetTests -->
  </suite> <!-- PetSuite -->
</testng-results>
