<?xml version="1.0" encoding="UTF-8"?>
<testng-results ignored="0" total="4" passed="4" failed="0" skipped="0">
  <reporter-output>
  </reporter-output>
  <suite started-at="2023-05-01T21:46:02Z" name="PetSuite" finished-at="2023-05-01T21:46:09Z" duration-ms="6830">
    <groups>
    </groups>
    <test started-at="2023-05-01T21:46:02Z" name="PetTests" finished-at="2023-05-01T21:46:09Z" duration-ms="6830">
      <class name="test.UserTests2">
        <test-method is-config="true" signature="SetupData()[pri:0, instance:test.UserTests2@51549490]" started-at="2023-05-01T21:46:03Z" name="SetupData" finished-at="2023-05-01T21:46:03Z" duration-ms="784" status="PASS">
          <reporter-output>
          </reporter-output>
        </test-method> <!-- SetupData -->
        <test-method signature="testPostUser()[pri:1, instance:test.UserTests2@51549490]" started-at="2023-05-01T21:46:03Z" name="testPostUser" finished-at="2023-05-01T21:46:06Z" duration-ms="2469" status="PASS">
          <reporter-output>
          </reporter-output>
        </test-method> <!-- testPostUser -->
        <test-method signature="testGetUserByName()[pri:2, instance:test.UserTests2@51549490]" started-at="2023-05-01T21:46:06Z" name="testGetUserByName" finished-at="2023-05-01T21:46:07Z" duration-ms="917" status="PASS">
          <reporter-output>
          </reporter-output>
        </test-method> <!-- testGetUserByName -->
        <test-method signature="testUpdateUserByName()[pri:3, instance:test.UserTests2@51549490]" started-at="2023-05-01T21:46:07Z" name="testUpdateUserByName" finished-at="2023-05-01T21:46:08Z" duration-ms="1527" status="PASS">
          <reporter-output>
          </reporter-output>
        </test-method> <!-- testUpdateUserByName -->
        <test-method signature="testDeleteUserByName()[pri:4, instance:test.UserTests2@51549490]" started-at="2023-05-01T21:46:08Z" name="testDeleteUserByName" finished-at="2023-05-01T21:46:09Z" duration-ms="816" status="PASS">
          <reporter-output>
          </reporter-output>
        </test-method> <!-- testDeleteUserByName -->
      </class> <!-- test.UserTests2 -->
    </test> <!-- PetTests -->
  </suite> <!-- PetSuite -->
</testng-results>
