<?xml version="1.0" encoding="UTF-8"?>
<!-- Generated by org.testng.reporters.JUnitXMLReporter -->
<testsuite hostname="DESKTOP-4VB3LJR" ignored="0" name="PetTests" tests="4" failures="0" timestamp="02 May 2023 16:40:03 GMT" time="4.816" errors="0">
  <testcase name="testPostUser" time="1.883" classname="test.UserTests2"/>
  <testcase name="testGetUserByName" time="0.546" classname="test.UserTests2"/>
  <testcase name="testUpdateUserByName" time="1.069" classname="test.UserTests2"/>
  <testcase name="testDeleteUserByName" time="0.51" classname="test.UserTests2"/>
</testsuite> <!-- PetTests -->
