<?xml version="1.0" encoding="UTF-8"?>
<!-- Generated by org.testng.reporters.JUnitXMLReporter -->
<testsuite hostname="DESKTOP-4VB3LJR" ignored="0" name="PetTests" tests="4" failures="0" timestamp="03 May 2023 09:24:37 GMT" time="7.216" errors="0">
  <testcase name="testPostUser" time="2.916" classname="test.UserTests2"/>
  <testcase name="testGetUserByName" time="0.725" classname="test.UserTests2"/>
  <testcase name="testUpdateUserByName" time="1.661" classname="test.UserTests2"/>
  <testcase name="testDeleteUserByName" time="0.66" classname="test.UserTests2"/>
</testsuite> <!-- PetTests -->
