<?xml version="1.0" encoding="UTF-8"?>
<!-- Generated by org.testng.reporters.JUnitXMLReporter -->
<testsuite ignored="0" hostname="DESKTOP-4VB3LJR" failures="0" tests="4" name="PetTests" time="6.83" errors="0" timestamp="01 May 2023 21:46:09 GMT">
  <testcase classname="test.UserTests2" name="testPostUser" time="2.469"/>
  <testcase classname="test.UserTests2" name="testGetUserByName" time="0.917"/>
  <testcase classname="test.UserTests2" name="testUpdateUserByName" time="1.527"/>
  <testcase classname="test.UserTests2" name="testDeleteUserByName" time="0.816"/>
</testsuite> <!-- PetTests -->
